{"level":"info","message":"add to rtpdefault pac","timestamp":"2014-03-10T17:21:16.299Z"}
{"level":"error","message":"quidds.js:226: failed o get property value (quiddity: null property: shmdata-writers","timestamp":"2014-03-10T17:21:31.055Z"}
{"level":"error","message":"quidds.js:226: failed o get property value (quiddity: null property: shmdata-writers","timestamp":"2014-03-10T17:22:12.657Z"}
{"level":"error","message":"quidds.js:25: failed to create a quiddity class ","timestamp":"2014-03-10T17:52:58.940Z"}
{"level":"error","message":"quidds.js:65: failed to remove mapper_test_last-midi-value_test2_volume","timestamp":"2014-03-10T17:53:51.315Z"}
{"level":"info","message":"add to rtpdefault pac","timestamp":"2014-03-10T18:14:40.822Z"}
{"level":"info","message":"Soap Define, we create quiddity for ","timestamp":"2014-03-10T18:14:40.824Z"}
{"level":"info","message":"Quidds httpsdpdec created? true","timestamp":"2014-03-10T18:14:40.836Z"}
{"level":"info","message":"connect quiddity to receiver audio /tmp/switcher_nodeserver_audio_audio pac 4466 2020","timestamp":"2014-03-10T18:14:46.307Z"}
{"level":"info","message":"connect quiddity to receiver audio /tmp/switcher_nodeserver_audio_audio pac 4488/ 2020","timestamp":"2014-03-10T18:15:10.474Z"}
{"level":"info","message":"connect quiddity to receiver audio /tmp/switcher_nodeserver_audio_audio pac  2020","timestamp":"2014-03-10T18:15:14.282Z"}
{"level":"info","message":"connect quiddity to receiver audio /tmp/switcher_nodeserver_audio_audio pac 4422 2020","timestamp":"2014-03-10T18:15:22.370Z"}
{"level":"info","message":"add to rtpdefault Pekin","timestamp":"2014-03-11T13:14:01.447Z"}
{"level":"info","message":"add to rtpdefault Vancouver","timestamp":"2014-03-11T13:14:04.342Z"}
{"level":"info","message":"add to rtpdefault New York","timestamp":"2014-03-11T13:14:09.909Z"}
{"level":"info","message":"connect quiddity to receiver audio1 /tmp/switcher_nodeserver_audio1_audio Pekin 4466 ","timestamp":"2014-03-11T13:15:27.657Z"}
{"level":"info","message":"connect quiddity to receiver video1 /tmp/switcher_nodeserver_video1_video Pekin 4488 ","timestamp":"2014-03-11T13:15:33.076Z"}
{"level":"info","message":"connect quiddity to receiver video1 /tmp/switcher_nodeserver_video1_video New York 4422 ","timestamp":"2014-03-11T13:15:35.842Z"}
{"level":"info","message":"connect quiddity to receiver video2 /tmp/switcher_nodeserver_video2_video Vancouver 44444 ","timestamp":"2014-03-11T13:15:41.142Z"}
{"level":"info","message":"connect quiddity to receiver audio2 /tmp/switcher_nodeserver_audio2_audio New York 4484 ","timestamp":"2014-03-11T13:15:54.999Z"}
{"level":"info","message":"add to rtpdefault Pekine","timestamp":"2014-03-11T13:16:11.696Z"}
{"level":"info","message":"connect quiddity to receiver /tmp/switcher_nodeserver_audio1_audio Pekine 4466 ","timestamp":"2014-03-11T13:16:12.197Z"}
{"level":"info","message":"add to rtpdefault Vancouver","timestamp":"2014-03-11T13:19:40.899Z"}
{"level":"info","message":"add to rtpdefault Pekin","timestamp":"2014-03-11T13:19:43.541Z"}
{"level":"info","message":"add to rtpdefault New York","timestamp":"2014-03-11T13:19:54.805Z"}
{"level":"info","message":"add to rtpdefault pac","timestamp":"2014-03-11T13:22:59.474Z"}
{"level":"info","message":"add to rtpdefault pac","timestamp":"2014-03-11T13:24:36.167Z"}
{"level":"info","message":"add to rtpdefault pac2","timestamp":"2014-03-11T13:24:39.814Z"}
{"level":"error","message":"quidds.js:25: failed to create a quiddity class ","timestamp":"2014-03-11T14:22:55.397Z"}
{"level":"error","message":"quidds.js:25: failed to create a quiddity class ","timestamp":"2014-03-11T21:44:17.130Z"}
{"level":"info","message":"add to rtpdefault client","timestamp":"2014-03-12T14:29:09.742Z"}
{"level":"error","message":"quidds.js:118: missing arguments for set property value :","timestamp":"2014-03-12T14:52:27.592Z"}
{"level":"info","message":"add to rtpdefault New York","timestamp":"2014-03-12T14:53:03.393Z"}
{"level":"info","message":"add to rtpdefault Vancouver","timestamp":"2014-03-12T14:53:09.295Z"}
{"level":"info","message":"add to rtpdefault Montreal","timestamp":"2014-03-12T14:53:14.383Z"}
{"level":"info","message":"connect quiddity to receiver video 2 /tmp/switcher_nodeserver_video 2_video New York 4444 ","timestamp":"2014-03-12T14:53:19.524Z"}
{"level":"info","message":"connect quiddity to receiver video 1 /tmp/switcher_nodeserver_video 1_video Vancouver 4488 ","timestamp":"2014-03-12T14:53:22.044Z"}
{"level":"info","message":"connect quiddity to receiver audio 2 /tmp/switcher_nodeserver_audio 2_audio Montreal 4422 ","timestamp":"2014-03-12T14:53:24.819Z"}
{"level":"info","message":"add to rtpdefault New York","timestamp":"2014-03-12T14:53:58.977Z"}
{"level":"info","message":"add to rtpdefault Vancouver","timestamp":"2014-03-12T14:54:02.200Z"}
{"level":"info","message":"add to rtpdefault Montreal","timestamp":"2014-03-12T14:54:04.502Z"}
{"level":"info","message":"connect quiddity to receiver audio 2 /tmp/switcher_nodeserver_audio 2_audio New York 4444 ","timestamp":"2014-03-12T14:54:34.350Z"}
{"level":"info","message":"connect quiddity to receiver audio 1 /tmp/switcher_nodeserver_audio 1_audio Vancouver 4488 ","timestamp":"2014-03-12T14:54:38.468Z"}
{"level":"info","message":"connect quiddity to receiver audio 2 /tmp/switcher_nodeserver_audio 2_audio Montreal 66443 ","timestamp":"2014-03-12T14:55:13.219Z"}
{"level":"info","message":"connect quiddity to receiver video 2 /tmp/switcher_nodeserver_video 2_video Vancouver 4468 ","timestamp":"2014-03-12T14:55:17.900Z"}
{"level":"info","message":"add to rtpdefault pac","timestamp":"2014-03-17T13:42:34.987Z"}
{"level":"info","message":"add to rtpdefault apc","timestamp":"2014-03-17T13:42:36.976Z"}
{"level":"info","message":"add to rtpdefault cap","timestamp":"2014-03-17T13:42:41.643Z"}
{"level":"info","message":"add to rtpdefault pac","timestamp":"2014-03-17T15:03:03.832Z"}
{"level":"info","message":"add to rtpdefault pac3","timestamp":"2014-03-17T15:03:06.807Z"}
{"level":"info","message":"add to rtpdefault pac2","timestamp":"2014-03-17T15:03:09.150Z"}
{"level":"info","message":"connect quiddity to receiver video /tmp/switcher_nodeserver_video_video pac 4444 ","timestamp":"2014-03-17T15:04:12.595Z"}
{"level":"info","message":"connect quiddity to receiver audio1 /tmp/switcher_nodeserver_audio1_audio pac2 4242 ","timestamp":"2014-03-17T15:50:44.916Z"}
{"level":"info","message":"connect quiddity to receiver video /tmp/switcher_nodeserver_video_video pac 4545 ","timestamp":"2014-03-17T15:55:11.069Z"}
{"level":"info","message":"add to rtpdefault Montreal","timestamp":"2014-03-17T17:12:27.591Z"}
{"level":"info","message":"add to rtpdefault localhost","timestamp":"2014-03-17T17:20:08.594Z"}
{"level":"info","message":"connect quiddity to receiver audio 2 /tmp/switcher_nodeserver_audio 2_audio Montreal 4444 ","timestamp":"2014-03-17T17:20:25.758Z"}
{"level":"info","message":"connect quiddity to receiver video 1 /tmp/switcher_nodeserver_video 1_video localhost 2828 ","timestamp":"2014-03-17T17:20:36.934Z"}
{"level":"info","message":"connect quiddity to receiver audio /tmp/switcher_nodeserver_audio_audio Montreal 2424 ","timestamp":"2014-03-17T17:20:41.121Z"}
{"level":"info","message":"connect quiddity to receiver video 2 /tmp/switcher_nodeserver_video 2_video localhost 2626 ","timestamp":"2014-03-17T17:20:43.542Z"}
{"level":"info","message":"add to rtpdefault Vancouver","timestamp":"2014-03-17T18:07:32.288Z"}
{"level":"info","message":"add to rtpdefault pacman","timestamp":"2014-03-17T18:36:55.745Z"}
{"level":"info","message":"add to rtpdefault pac","timestamp":"2014-03-17T18:36:58.543Z"}
{"level":"info","message":"add to rtpdefault pacpacp","timestamp":"2014-03-17T18:37:05.074Z"}
{"level":"info","message":"add to rtpdefault acwa","timestamp":"2014-03-17T18:38:54.828Z"}
{"level":"info","message":"add to rtpdefault test","timestamp":"2014-03-17T18:39:25.485Z"}
{"level":"info","message":"add to rtpdefault w4","timestamp":"2014-03-17T18:41:37.376Z"}
{"level":"info","message":"add to rtpdefault awc","timestamp":"2014-03-17T18:42:44.321Z"}
{"level":"info","message":"add to rtpdefault acawcwa","timestamp":"2014-03-17T18:43:27.897Z"}
{"level":"info","message":"add to rtpdefault acawc","timestamp":"2014-03-17T18:43:36.902Z"}
{"level":"info","message":"add to rtpdefault sebew","timestamp":"2014-03-17T18:44:17.405Z"}
{"level":"info","message":"add to rtpdefault wevqw","timestamp":"2014-03-17T18:44:20.406Z"}
{"level":"info","message":"connect quiddity to receiver video 1 /tmp/switcher_nodeserver_video 1_video pacman 488 ","timestamp":"2014-03-17T18:48:36.032Z"}
{"level":"info","message":"connect quiddity to receiver video 1 /tmp/switcher_nodeserver_video 1_video pacman 4488 ","timestamp":"2014-03-17T18:48:40.511Z"}
{"level":"info","message":"connect quiddity to receiver audio 2 /tmp/switcher_nodeserver_audio 2_audio acawcwa 4466 ","timestamp":"2014-03-17T18:48:43.428Z"}
{"level":"info","message":"connect quiddity to receiver audio /tmp/switcher_nodeserver_audio_audio Vancouver 4422 ","timestamp":"2014-03-17T18:48:52.726Z"}
{"level":"info","message":"add to rtpdefault pac","timestamp":"2014-03-17T18:53:17.956Z"}
{"level":"info","message":"connect quiddity to receiver test /tmp/switcher_nodeserver_test_audio pac 4848 ","timestamp":"2014-03-17T18:53:29.201Z"}
